LINK : warning LNK4098: defaultlib 'MSVCRT' conflicts with use of other libs; use /NODEFAULTLIB:library
IndexBuffer.obj : error LNK2001: unresolved external symbol __imp___glewBindBuffer
VertexBuffer.obj : error LNK2001: unresolved external symbol __imp___glewBindBuffer
IndexBuffer.obj : error LNK2001: unresolved external symbol __imp___glewBufferData
VertexBuffer.obj : error LNK2001: unresolved external symbol __imp___glewBufferData
IndexBuffer.obj : error LNK2001: unresolved external symbol __imp___glewDeleteBuffers
VertexBuffer.obj : error LNK2001: unresolved external symbol __imp___glewDeleteBuffers
IndexBuffer.obj : error LNK2001: unresolved external symbol __imp___glewGenBuffers
VertexBuffer.obj : error LNK2001: unresolved external symbol __imp___glewGenBuffers
Shader.obj : error LNK2001: unresolved external symbol __imp___glewAttachShader
Shader.obj : error LNK2001: unresolved external symbol __imp___glewCompileShader
Shader.obj : error LNK2001: unresolved external symbol __imp___glewCreateProgram
Shader.obj : error LNK2001: unresolved external symbol __imp___glewCreateShader
Shader.obj : error LNK2001: unresolved external symbol __imp___glewDeleteProgram
Shader.obj : error LNK2001: unresolved external symbol __imp___glewDeleteShader
Shader.obj : error LNK2001: unresolved external symbol __imp___glewGetShaderiv
Shader.obj : error LNK2001: unresolved external symbol __imp___glewGetUniformLocation
Shader.obj : error LNK2001: unresolved external symbol __imp___glewLinkProgram
Shader.obj : error LNK2001: unresolved external symbol __imp___glewShaderSource
Shader.obj : error LNK2001: unresolved external symbol __imp___glewUniform1f
Shader.obj : error LNK2001: unresolved external symbol __imp___glewUniform1i
Shader.obj : error LNK2001: unresolved external symbol __imp___glewUniform1iv
Shader.obj : error LNK2001: unresolved external symbol __imp___glewUniform4f
Shader.obj : error LNK2001: unresolved external symbol __imp___glewUniformMatrix4fv
Shader.obj : error LNK2001: unresolved external symbol __imp___glewUseProgram
Shader.obj : error LNK2001: unresolved external symbol __imp___glewValidateProgram
test.obj : error LNK2019: unresolved external symbol __imp_glewInit referenced in function main
test.obj : error LNK2001: unresolved external symbol __imp_glewExperimental
Texture.obj : error LNK2001: unresolved external symbol __imp___glewActiveTexture
VertexArray.obj : error LNK2001: unresolved external symbol __imp___glewEnableVertexAttribArray
VertexArray.obj : error LNK2001: unresolved external symbol __imp___glewVertexAttribPointer
VertexArray.obj : error LNK2001: unresolved external symbol __imp___glewBindVertexArray
VertexArray.obj : error LNK2001: unresolved external symbol __imp___glewDeleteVertexArrays
VertexArray.obj : error LNK2001: unresolved external symbol __imp___glewGenVertexArrays
VertexBuffer.obj : error LNK2001: unresolved external symbol __imp___glewBufferSubData
D:\Computer Vision\My APP\G_Engine-Opengl\x64\Debug\opengl.exe : fatal error LNK1120: 30 unresolved externals
